action: GLOB, msg: packaging
cwd: /home/teju/Workarea/wineapp
cmd: /home/teju/anaconda3/envs/wine1/bin/python setup.py sdist --formats=zip --dist-dir /home/teju/Workarea/wineapp/.tox/dist
running sdist
running egg_info
writing src1.egg-info/PKG-INFO
writing dependency_links to src1.egg-info/dependency_links.txt
writing top-level names to src1.egg-info/top_level.txt
reading manifest file 'src1.egg-info/SOURCES.txt'
writing manifest file 'src1.egg-info/SOURCES.txt'
running check
creating src1-0.0.1
creating src1-0.0.1/src
creating src1-0.0.1/src1.egg-info
creating src1-0.0.1/tests
copying files to src1-0.0.1...
copying README.md -> src1-0.0.1
copying setup.py -> src1-0.0.1
copying src/__init__.py -> src1-0.0.1/src
copying src/get_data.py -> src1-0.0.1/src
copying src/load.py -> src1-0.0.1/src
copying src/split_data.py -> src1-0.0.1/src
copying src/train_and_evaluate.py -> src1-0.0.1/src
copying src1.egg-info/PKG-INFO -> src1-0.0.1/src1.egg-info
copying src1.egg-info/SOURCES.txt -> src1-0.0.1/src1.egg-info
copying src1.egg-info/dependency_links.txt -> src1-0.0.1/src1.egg-info
copying src1.egg-info/top_level.txt -> src1-0.0.1/src1.egg-info
copying tests/__init__.py -> src1-0.0.1/tests
copying tests/conftest.py -> src1-0.0.1/tests
copying tests/test_conf.py -> src1-0.0.1/tests
Writing src1-0.0.1/setup.cfg
creating /home/teju/Workarea/wineapp/.tox/dist
creating '/home/teju/Workarea/wineapp/.tox/dist/src1-0.0.1.zip' and adding 'src1-0.0.1' to it
adding 'src1-0.0.1'
adding 'src1-0.0.1/src1.egg-info'
adding 'src1-0.0.1/src'
adding 'src1-0.0.1/tests'
adding 'src1-0.0.1/README.md'
adding 'src1-0.0.1/PKG-INFO'
adding 'src1-0.0.1/setup.cfg'
adding 'src1-0.0.1/setup.py'
adding 'src1-0.0.1/src1.egg-info/SOURCES.txt'
adding 'src1-0.0.1/src1.egg-info/PKG-INFO'
adding 'src1-0.0.1/src1.egg-info/top_level.txt'
adding 'src1-0.0.1/src1.egg-info/dependency_links.txt'
adding 'src1-0.0.1/src/get_data.py'
adding 'src1-0.0.1/src/train_and_evaluate.py'
adding 'src1-0.0.1/src/load.py'
adding 'src1-0.0.1/src/__init__.py'
adding 'src1-0.0.1/src/split_data.py'
adding 'src1-0.0.1/tests/__init__.py'
adding 'src1-0.0.1/tests/test_conf.py'
adding 'src1-0.0.1/tests/conftest.py'
removing 'src1-0.0.1' (and everything under it)
